CRITICAL - 2021-12-15 14:50:33 --> Too few arguments to function App\Controllers\Tasks::show(), 0 passed in /Users/leesangoroh/Documents/GitHub/taskapp/vendor/codeigniter4/framework/system/CodeIgniter.php on line 824 and exactly 1 expected
#0 /Users/leesangoroh/Documents/GitHub/taskapp/vendor/codeigniter4/framework/system/CodeIgniter.php(824): App\Controllers\Tasks->show()
#1 /Users/leesangoroh/Documents/GitHub/taskapp/vendor/codeigniter4/framework/system/CodeIgniter.php(410): CodeIgniter\CodeIgniter->runController(Object(App\Controllers\Tasks))
#2 /Users/leesangoroh/Documents/GitHub/taskapp/vendor/codeigniter4/framework/system/CodeIgniter.php(318): CodeIgniter\CodeIgniter->handleRequest(NULL, Object(Config\Cache), false)
#3 /Users/leesangoroh/Documents/GitHub/taskapp/public/index.php(37): CodeIgniter\CodeIgniter->run()
#4 /Users/leesangoroh/Documents/GitHub/taskapp/vendor/codeigniter4/framework/system/Commands/Server/rewrite.php(43): require_once('/Users/leesango...')
#5 {main}
CRITICAL - 2021-12-15 15:02:21 --> Undefined property: App\Controllers\Tasks::$model
#0 /Users/leesangoroh/Documents/GitHub/taskapp/app/Controllers/Tasks.php(103): CodeIgniter\Debug\Exceptions->errorHandler(2, 'Undefined prope...', '/Users/leesango...', 103)
#1 /Users/leesangoroh/Documents/GitHub/taskapp/app/Controllers/Tasks.php(28): App\Controllers\Tasks->getTaskOr404('1')
#2 /Users/leesangoroh/Documents/GitHub/taskapp/vendor/codeigniter4/framework/system/CodeIgniter.php(824): App\Controllers\Tasks->show('1')
#3 /Users/leesangoroh/Documents/GitHub/taskapp/vendor/codeigniter4/framework/system/CodeIgniter.php(410): CodeIgniter\CodeIgniter->runController(Object(App\Controllers\Tasks))
#4 /Users/leesangoroh/Documents/GitHub/taskapp/vendor/codeigniter4/framework/system/CodeIgniter.php(318): CodeIgniter\CodeIgniter->handleRequest(NULL, Object(Config\Cache), false)
#5 /Users/leesangoroh/Documents/GitHub/taskapp/public/index.php(37): CodeIgniter\CodeIgniter->run()
#6 /Users/leesangoroh/Documents/GitHub/taskapp/vendor/codeigniter4/framework/system/Commands/Server/rewrite.php(43): require_once('/Users/leesango...')
#7 {main}
CRITICAL - 2021-12-15 15:03:01 --> Undefined property: App\Controllers\Tasks::$model
#0 /Users/leesangoroh/Documents/GitHub/taskapp/app/Controllers/Tasks.php(103): CodeIgniter\Debug\Exceptions->errorHandler(2, 'Undefined prope...', '/Users/leesango...', 103)
#1 /Users/leesangoroh/Documents/GitHub/taskapp/app/Controllers/Tasks.php(28): App\Controllers\Tasks->getTaskOr404('1')
#2 /Users/leesangoroh/Documents/GitHub/taskapp/vendor/codeigniter4/framework/system/CodeIgniter.php(824): App\Controllers\Tasks->show('1')
#3 /Users/leesangoroh/Documents/GitHub/taskapp/vendor/codeigniter4/framework/system/CodeIgniter.php(410): CodeIgniter\CodeIgniter->runController(Object(App\Controllers\Tasks))
#4 /Users/leesangoroh/Documents/GitHub/taskapp/vendor/codeigniter4/framework/system/CodeIgniter.php(318): CodeIgniter\CodeIgniter->handleRequest(NULL, Object(Config\Cache), false)
#5 /Users/leesangoroh/Documents/GitHub/taskapp/public/index.php(37): CodeIgniter\CodeIgniter->run()
#6 /Users/leesangoroh/Documents/GitHub/taskapp/vendor/codeigniter4/framework/system/Commands/Server/rewrite.php(43): require_once('/Users/leesango...')
#7 {main}
CRITICAL - 2021-12-15 15:03:04 --> Undefined property: App\Controllers\Tasks::$model
#0 /Users/leesangoroh/Documents/GitHub/taskapp/app/Controllers/Tasks.php(103): CodeIgniter\Debug\Exceptions->errorHandler(2, 'Undefined prope...', '/Users/leesango...', 103)
#1 /Users/leesangoroh/Documents/GitHub/taskapp/app/Controllers/Tasks.php(28): App\Controllers\Tasks->getTaskOr404('2')
#2 /Users/leesangoroh/Documents/GitHub/taskapp/vendor/codeigniter4/framework/system/CodeIgniter.php(824): App\Controllers\Tasks->show('2')
#3 /Users/leesangoroh/Documents/GitHub/taskapp/vendor/codeigniter4/framework/system/CodeIgniter.php(410): CodeIgniter\CodeIgniter->runController(Object(App\Controllers\Tasks))
#4 /Users/leesangoroh/Documents/GitHub/taskapp/vendor/codeigniter4/framework/system/CodeIgniter.php(318): CodeIgniter\CodeIgniter->handleRequest(NULL, Object(Config\Cache), false)
#5 /Users/leesangoroh/Documents/GitHub/taskapp/public/index.php(37): CodeIgniter\CodeIgniter->run()
#6 /Users/leesangoroh/Documents/GitHub/taskapp/vendor/codeigniter4/framework/system/Commands/Server/rewrite.php(43): require_once('/Users/leesango...')
#7 {main}
CRITICAL - 2021-12-15 15:11:09 --> Undefined property: App\Controllers\Tasks::$model
#0 /Users/leesangoroh/Documents/GitHub/taskapp/app/Controllers/Tasks.php(104): CodeIgniter\Debug\Exceptions->errorHandler(2, 'Undefined prope...', '/Users/leesango...', 104)
#1 /Users/leesangoroh/Documents/GitHub/taskapp/app/Controllers/Tasks.php(28): App\Controllers\Tasks->getTaskOr404('2')
#2 /Users/leesangoroh/Documents/GitHub/taskapp/vendor/codeigniter4/framework/system/CodeIgniter.php(824): App\Controllers\Tasks->show('2')
#3 /Users/leesangoroh/Documents/GitHub/taskapp/vendor/codeigniter4/framework/system/CodeIgniter.php(410): CodeIgniter\CodeIgniter->runController(Object(App\Controllers\Tasks))
#4 /Users/leesangoroh/Documents/GitHub/taskapp/vendor/codeigniter4/framework/system/CodeIgniter.php(318): CodeIgniter\CodeIgniter->handleRequest(NULL, Object(Config\Cache), false)
#5 /Users/leesangoroh/Documents/GitHub/taskapp/public/index.php(37): CodeIgniter\CodeIgniter->run()
#6 /Users/leesangoroh/Documents/GitHub/taskapp/vendor/codeigniter4/framework/system/Commands/Server/rewrite.php(43): require_once('/Users/leesango...')
#7 {main}
CRITICAL - 2021-12-15 15:17:30 --> Undefined property: App\Controllers\Tasks::$model
#0 /Users/leesangoroh/Documents/GitHub/taskapp/app/Controllers/Tasks.php(104): CodeIgniter\Debug\Exceptions->errorHandler(2, 'Undefined prope...', '/Users/leesango...', 104)
#1 /Users/leesangoroh/Documents/GitHub/taskapp/app/Controllers/Tasks.php(28): App\Controllers\Tasks->getTaskOr404('1')
#2 /Users/leesangoroh/Documents/GitHub/taskapp/vendor/codeigniter4/framework/system/CodeIgniter.php(824): App\Controllers\Tasks->show('1')
#3 /Users/leesangoroh/Documents/GitHub/taskapp/vendor/codeigniter4/framework/system/CodeIgniter.php(410): CodeIgniter\CodeIgniter->runController(Object(App\Controllers\Tasks))
#4 /Users/leesangoroh/Documents/GitHub/taskapp/vendor/codeigniter4/framework/system/CodeIgniter.php(318): CodeIgniter\CodeIgniter->handleRequest(NULL, Object(Config\Cache), false)
#5 /Users/leesangoroh/Documents/GitHub/taskapp/public/index.php(37): CodeIgniter\CodeIgniter->run()
#6 /Users/leesangoroh/Documents/GitHub/taskapp/vendor/codeigniter4/framework/system/Commands/Server/rewrite.php(43): require_once('/Users/leesango...')
#7 {main}
CRITICAL - 2021-12-15 15:17:31 --> Too few arguments to function App\Controllers\Tasks::show(), 0 passed in /Users/leesangoroh/Documents/GitHub/taskapp/vendor/codeigniter4/framework/system/CodeIgniter.php on line 824 and exactly 1 expected
#0 /Users/leesangoroh/Documents/GitHub/taskapp/vendor/codeigniter4/framework/system/CodeIgniter.php(824): App\Controllers\Tasks->show()
#1 /Users/leesangoroh/Documents/GitHub/taskapp/vendor/codeigniter4/framework/system/CodeIgniter.php(410): CodeIgniter\CodeIgniter->runController(Object(App\Controllers\Tasks))
#2 /Users/leesangoroh/Documents/GitHub/taskapp/vendor/codeigniter4/framework/system/CodeIgniter.php(318): CodeIgniter\CodeIgniter->handleRequest(NULL, Object(Config\Cache), false)
#3 /Users/leesangoroh/Documents/GitHub/taskapp/public/index.php(37): CodeIgniter\CodeIgniter->run()
#4 /Users/leesangoroh/Documents/GitHub/taskapp/vendor/codeigniter4/framework/system/Commands/Server/rewrite.php(43): require_once('/Users/leesango...')
#5 {main}
CRITICAL - 2021-12-15 15:17:31 --> Undefined property: App\Controllers\Tasks::$model
#0 /Users/leesangoroh/Documents/GitHub/taskapp/app/Controllers/Tasks.php(104): CodeIgniter\Debug\Exceptions->errorHandler(2, 'Undefined prope...', '/Users/leesango...', 104)
#1 /Users/leesangoroh/Documents/GitHub/taskapp/app/Controllers/Tasks.php(28): App\Controllers\Tasks->getTaskOr404('1')
#2 /Users/leesangoroh/Documents/GitHub/taskapp/vendor/codeigniter4/framework/system/CodeIgniter.php(824): App\Controllers\Tasks->show('1')
#3 /Users/leesangoroh/Documents/GitHub/taskapp/vendor/codeigniter4/framework/system/CodeIgniter.php(410): CodeIgniter\CodeIgniter->runController(Object(App\Controllers\Tasks))
#4 /Users/leesangoroh/Documents/GitHub/taskapp/vendor/codeigniter4/framework/system/CodeIgniter.php(318): CodeIgniter\CodeIgniter->handleRequest(NULL, Object(Config\Cache), false)
#5 /Users/leesangoroh/Documents/GitHub/taskapp/public/index.php(37): CodeIgniter\CodeIgniter->run()
#6 /Users/leesangoroh/Documents/GitHub/taskapp/vendor/codeigniter4/framework/system/Commands/Server/rewrite.php(43): require_once('/Users/leesango...')
#7 {main}
CRITICAL - 2021-12-15 15:17:38 --> Undefined property: App\Controllers\Tasks::$model
#0 /Users/leesangoroh/Documents/GitHub/taskapp/app/Controllers/Tasks.php(104): CodeIgniter\Debug\Exceptions->errorHandler(2, 'Undefined prope...', '/Users/leesango...', 104)
#1 /Users/leesangoroh/Documents/GitHub/taskapp/app/Controllers/Tasks.php(28): App\Controllers\Tasks->getTaskOr404('1')
#2 /Users/leesangoroh/Documents/GitHub/taskapp/vendor/codeigniter4/framework/system/CodeIgniter.php(824): App\Controllers\Tasks->show('1')
#3 /Users/leesangoroh/Documents/GitHub/taskapp/vendor/codeigniter4/framework/system/CodeIgniter.php(410): CodeIgniter\CodeIgniter->runController(Object(App\Controllers\Tasks))
#4 /Users/leesangoroh/Documents/GitHub/taskapp/vendor/codeigniter4/framework/system/CodeIgniter.php(318): CodeIgniter\CodeIgniter->handleRequest(NULL, Object(Config\Cache), false)
#5 /Users/leesangoroh/Documents/GitHub/taskapp/public/index.php(37): CodeIgniter\CodeIgniter->run()
#6 /Users/leesangoroh/Documents/GitHub/taskapp/vendor/codeigniter4/framework/system/Commands/Server/rewrite.php(43): require_once('/Users/leesango...')
#7 {main}
CRITICAL - 2021-12-15 15:18:22 --> Undefined property: App\Controllers\Tasks::$model
#0 /Users/leesangoroh/Documents/GitHub/taskapp/app/Controllers/Tasks.php(104): CodeIgniter\Debug\Exceptions->errorHandler(2, 'Undefined prope...', '/Users/leesango...', 104)
#1 /Users/leesangoroh/Documents/GitHub/taskapp/app/Controllers/Tasks.php(28): App\Controllers\Tasks->getTaskOr404('1')
#2 /Users/leesangoroh/Documents/GitHub/taskapp/vendor/codeigniter4/framework/system/CodeIgniter.php(824): App\Controllers\Tasks->show('1')
#3 /Users/leesangoroh/Documents/GitHub/taskapp/vendor/codeigniter4/framework/system/CodeIgniter.php(410): CodeIgniter\CodeIgniter->runController(Object(App\Controllers\Tasks))
#4 /Users/leesangoroh/Documents/GitHub/taskapp/vendor/codeigniter4/framework/system/CodeIgniter.php(318): CodeIgniter\CodeIgniter->handleRequest(NULL, Object(Config\Cache), false)
#5 /Users/leesangoroh/Documents/GitHub/taskapp/public/index.php(37): CodeIgniter\CodeIgniter->run()
#6 /Users/leesangoroh/Documents/GitHub/taskapp/vendor/codeigniter4/framework/system/Commands/Server/rewrite.php(43): require_once('/Users/leesango...')
#7 {main}
CRITICAL - 2021-12-15 15:18:43 --> Undefined property: App\Controllers\Tasks::$model
#0 /Users/leesangoroh/Documents/GitHub/taskapp/app/Controllers/Tasks.php(104): CodeIgniter\Debug\Exceptions->errorHandler(2, 'Undefined prope...', '/Users/leesango...', 104)
#1 /Users/leesangoroh/Documents/GitHub/taskapp/vendor/codeigniter4/framework/system/CodeIgniter.php(824): App\Controllers\Tasks->getTaskOr404('1')
#2 /Users/leesangoroh/Documents/GitHub/taskapp/vendor/codeigniter4/framework/system/CodeIgniter.php(410): CodeIgniter\CodeIgniter->runController(Object(App\Controllers\Tasks))
#3 /Users/leesangoroh/Documents/GitHub/taskapp/vendor/codeigniter4/framework/system/CodeIgniter.php(318): CodeIgniter\CodeIgniter->handleRequest(NULL, Object(Config\Cache), false)
#4 /Users/leesangoroh/Documents/GitHub/taskapp/public/index.php(37): CodeIgniter\CodeIgniter->run()
#5 /Users/leesangoroh/Documents/GitHub/taskapp/vendor/codeigniter4/framework/system/Commands/Server/rewrite.php(43): require_once('/Users/leesango...')
#6 {main}
CRITICAL - 2021-12-15 15:19:09 --> Undefined property: App\Controllers\Tasks::$model
#0 /Users/leesangoroh/Documents/GitHub/taskapp/app/Controllers/Tasks.php(104): CodeIgniter\Debug\Exceptions->errorHandler(2, 'Undefined prope...', '/Users/leesango...', 104)
#1 /Users/leesangoroh/Documents/GitHub/taskapp/app/Controllers/Tasks.php(28): App\Controllers\Tasks->getTaskOr404('1')
#2 /Users/leesangoroh/Documents/GitHub/taskapp/vendor/codeigniter4/framework/system/CodeIgniter.php(824): App\Controllers\Tasks->show('1')
#3 /Users/leesangoroh/Documents/GitHub/taskapp/vendor/codeigniter4/framework/system/CodeIgniter.php(410): CodeIgniter\CodeIgniter->runController(Object(App\Controllers\Tasks))
#4 /Users/leesangoroh/Documents/GitHub/taskapp/vendor/codeigniter4/framework/system/CodeIgniter.php(318): CodeIgniter\CodeIgniter->handleRequest(NULL, Object(Config\Cache), false)
#5 /Users/leesangoroh/Documents/GitHub/taskapp/public/index.php(37): CodeIgniter\CodeIgniter->run()
#6 /Users/leesangoroh/Documents/GitHub/taskapp/vendor/codeigniter4/framework/system/Commands/Server/rewrite.php(43): require_once('/Users/leesango...')
#7 {main}
CRITICAL - 2021-12-15 15:19:09 --> Too few arguments to function App\Controllers\Tasks::show(), 0 passed in /Users/leesangoroh/Documents/GitHub/taskapp/vendor/codeigniter4/framework/system/CodeIgniter.php on line 824 and exactly 1 expected
#0 /Users/leesangoroh/Documents/GitHub/taskapp/vendor/codeigniter4/framework/system/CodeIgniter.php(824): App\Controllers\Tasks->show()
#1 /Users/leesangoroh/Documents/GitHub/taskapp/vendor/codeigniter4/framework/system/CodeIgniter.php(410): CodeIgniter\CodeIgniter->runController(Object(App\Controllers\Tasks))
#2 /Users/leesangoroh/Documents/GitHub/taskapp/vendor/codeigniter4/framework/system/CodeIgniter.php(318): CodeIgniter\CodeIgniter->handleRequest(NULL, Object(Config\Cache), false)
#3 /Users/leesangoroh/Documents/GitHub/taskapp/public/index.php(37): CodeIgniter\CodeIgniter->run()
#4 /Users/leesangoroh/Documents/GitHub/taskapp/vendor/codeigniter4/framework/system/Commands/Server/rewrite.php(43): require_once('/Users/leesango...')
#5 {main}
CRITICAL - 2021-12-15 15:19:11 --> Undefined property: App\Controllers\Tasks::$model
#0 /Users/leesangoroh/Documents/GitHub/taskapp/app/Controllers/Tasks.php(104): CodeIgniter\Debug\Exceptions->errorHandler(2, 'Undefined prope...', '/Users/leesango...', 104)
#1 /Users/leesangoroh/Documents/GitHub/taskapp/app/Controllers/Tasks.php(28): App\Controllers\Tasks->getTaskOr404('1')
#2 /Users/leesangoroh/Documents/GitHub/taskapp/vendor/codeigniter4/framework/system/CodeIgniter.php(824): App\Controllers\Tasks->show('1')
#3 /Users/leesangoroh/Documents/GitHub/taskapp/vendor/codeigniter4/framework/system/CodeIgniter.php(410): CodeIgniter\CodeIgniter->runController(Object(App\Controllers\Tasks))
#4 /Users/leesangoroh/Documents/GitHub/taskapp/vendor/codeigniter4/framework/system/CodeIgniter.php(318): CodeIgniter\CodeIgniter->handleRequest(NULL, Object(Config\Cache), false)
#5 /Users/leesangoroh/Documents/GitHub/taskapp/public/index.php(37): CodeIgniter\CodeIgniter->run()
#6 /Users/leesangoroh/Documents/GitHub/taskapp/vendor/codeigniter4/framework/system/Commands/Server/rewrite.php(43): require_once('/Users/leesango...')
#7 {main}
CRITICAL - 2021-12-15 15:25:31 --> Undefined property: App\Controllers\Tasks::$model
#0 /Users/leesangoroh/Documents/GitHub/taskapp/app/Controllers/Tasks.php(105): CodeIgniter\Debug\Exceptions->errorHandler(2, 'Undefined prope...', '/Users/leesango...', 105)
#1 /Users/leesangoroh/Documents/GitHub/taskapp/app/Controllers/Tasks.php(29): App\Controllers\Tasks->getTaskOr404('1')
#2 /Users/leesangoroh/Documents/GitHub/taskapp/vendor/codeigniter4/framework/system/CodeIgniter.php(824): App\Controllers\Tasks->show('1')
#3 /Users/leesangoroh/Documents/GitHub/taskapp/vendor/codeigniter4/framework/system/CodeIgniter.php(410): CodeIgniter\CodeIgniter->runController(Object(App\Controllers\Tasks))
#4 /Users/leesangoroh/Documents/GitHub/taskapp/vendor/codeigniter4/framework/system/CodeIgniter.php(318): CodeIgniter\CodeIgniter->handleRequest(NULL, Object(Config\Cache), false)
#5 /Users/leesangoroh/Documents/GitHub/taskapp/public/index.php(37): CodeIgniter\CodeIgniter->run()
#6 /Users/leesangoroh/Documents/GitHub/taskapp/vendor/codeigniter4/framework/system/Commands/Server/rewrite.php(43): require_once('/Users/leesango...')
#7 {main}
CRITICAL - 2021-12-15 15:25:32 --> Undefined property: App\Controllers\Tasks::$model
#0 /Users/leesangoroh/Documents/GitHub/taskapp/app/Controllers/Tasks.php(105): CodeIgniter\Debug\Exceptions->errorHandler(2, 'Undefined prope...', '/Users/leesango...', 105)
#1 /Users/leesangoroh/Documents/GitHub/taskapp/app/Controllers/Tasks.php(29): App\Controllers\Tasks->getTaskOr404('1')
#2 /Users/leesangoroh/Documents/GitHub/taskapp/vendor/codeigniter4/framework/system/CodeIgniter.php(824): App\Controllers\Tasks->show('1')
#3 /Users/leesangoroh/Documents/GitHub/taskapp/vendor/codeigniter4/framework/system/CodeIgniter.php(410): CodeIgniter\CodeIgniter->runController(Object(App\Controllers\Tasks))
#4 /Users/leesangoroh/Documents/GitHub/taskapp/vendor/codeigniter4/framework/system/CodeIgniter.php(318): CodeIgniter\CodeIgniter->handleRequest(NULL, Object(Config\Cache), false)
#5 /Users/leesangoroh/Documents/GitHub/taskapp/public/index.php(37): CodeIgniter\CodeIgniter->run()
#6 /Users/leesangoroh/Documents/GitHub/taskapp/vendor/codeigniter4/framework/system/Commands/Server/rewrite.php(43): require_once('/Users/leesango...')
#7 {main}
CRITICAL - 2021-12-15 15:26:42 --> Undefined property: App\Controllers\Tasks::$model
#0 /Users/leesangoroh/Documents/GitHub/taskapp/app/Controllers/Tasks.php(30): CodeIgniter\Debug\Exceptions->errorHandler(2, 'Undefined prope...', '/Users/leesango...', 30)
#1 /Users/leesangoroh/Documents/GitHub/taskapp/vendor/codeigniter4/framework/system/CodeIgniter.php(824): App\Controllers\Tasks->show('1')
#2 /Users/leesangoroh/Documents/GitHub/taskapp/vendor/codeigniter4/framework/system/CodeIgniter.php(410): CodeIgniter\CodeIgniter->runController(Object(App\Controllers\Tasks))
#3 /Users/leesangoroh/Documents/GitHub/taskapp/vendor/codeigniter4/framework/system/CodeIgniter.php(318): CodeIgniter\CodeIgniter->handleRequest(NULL, Object(Config\Cache), false)
#4 /Users/leesangoroh/Documents/GitHub/taskapp/public/index.php(37): CodeIgniter\CodeIgniter->run()
#5 /Users/leesangoroh/Documents/GitHub/taskapp/vendor/codeigniter4/framework/system/Commands/Server/rewrite.php(43): require_once('/Users/leesango...')
#6 {main}
CRITICAL - 2021-12-15 15:26:43 --> Undefined property: App\Controllers\Tasks::$model
#0 /Users/leesangoroh/Documents/GitHub/taskapp/app/Controllers/Tasks.php(30): CodeIgniter\Debug\Exceptions->errorHandler(2, 'Undefined prope...', '/Users/leesango...', 30)
#1 /Users/leesangoroh/Documents/GitHub/taskapp/vendor/codeigniter4/framework/system/CodeIgniter.php(824): App\Controllers\Tasks->show('1')
#2 /Users/leesangoroh/Documents/GitHub/taskapp/vendor/codeigniter4/framework/system/CodeIgniter.php(410): CodeIgniter\CodeIgniter->runController(Object(App\Controllers\Tasks))
#3 /Users/leesangoroh/Documents/GitHub/taskapp/vendor/codeigniter4/framework/system/CodeIgniter.php(318): CodeIgniter\CodeIgniter->handleRequest(NULL, Object(Config\Cache), false)
#4 /Users/leesangoroh/Documents/GitHub/taskapp/public/index.php(37): CodeIgniter\CodeIgniter->run()
#5 /Users/leesangoroh/Documents/GitHub/taskapp/vendor/codeigniter4/framework/system/Commands/Server/rewrite.php(43): require_once('/Users/leesango...')
#6 {main}
CRITICAL - 2021-12-15 15:26:52 --> Undefined property: App\Controllers\Tasks::$model
#0 /Users/leesangoroh/Documents/GitHub/taskapp/app/Controllers/Tasks.php(30): CodeIgniter\Debug\Exceptions->errorHandler(2, 'Undefined prope...', '/Users/leesango...', 30)
#1 /Users/leesangoroh/Documents/GitHub/taskapp/vendor/codeigniter4/framework/system/CodeIgniter.php(824): App\Controllers\Tasks->show('1')
#2 /Users/leesangoroh/Documents/GitHub/taskapp/vendor/codeigniter4/framework/system/CodeIgniter.php(410): CodeIgniter\CodeIgniter->runController(Object(App\Controllers\Tasks))
#3 /Users/leesangoroh/Documents/GitHub/taskapp/vendor/codeigniter4/framework/system/CodeIgniter.php(318): CodeIgniter\CodeIgniter->handleRequest(NULL, Object(Config\Cache), false)
#4 /Users/leesangoroh/Documents/GitHub/taskapp/public/index.php(37): CodeIgniter\CodeIgniter->run()
#5 /Users/leesangoroh/Documents/GitHub/taskapp/vendor/codeigniter4/framework/system/Commands/Server/rewrite.php(43): require_once('/Users/leesango...')
#6 {main}
CRITICAL - 2021-12-15 15:29:17 --> Undefined property: App\Controllers\Tasks::$model
#0 /Users/leesangoroh/Documents/GitHub/taskapp/app/Controllers/Tasks.php(104): CodeIgniter\Debug\Exceptions->errorHandler(2, 'Undefined prope...', '/Users/leesango...', 104)
#1 /Users/leesangoroh/Documents/GitHub/taskapp/app/Controllers/Tasks.php(28): App\Controllers\Tasks->getTaskOr404('1')
#2 /Users/leesangoroh/Documents/GitHub/taskapp/vendor/codeigniter4/framework/system/CodeIgniter.php(824): App\Controllers\Tasks->show('1')
#3 /Users/leesangoroh/Documents/GitHub/taskapp/vendor/codeigniter4/framework/system/CodeIgniter.php(410): CodeIgniter\CodeIgniter->runController(Object(App\Controllers\Tasks))
#4 /Users/leesangoroh/Documents/GitHub/taskapp/vendor/codeigniter4/framework/system/CodeIgniter.php(318): CodeIgniter\CodeIgniter->handleRequest(NULL, Object(Config\Cache), false)
#5 /Users/leesangoroh/Documents/GitHub/taskapp/public/index.php(37): CodeIgniter\CodeIgniter->run()
#6 /Users/leesangoroh/Documents/GitHub/taskapp/vendor/codeigniter4/framework/system/Commands/Server/rewrite.php(43): require_once('/Users/leesango...')
#7 {main}
CRITICAL - 2021-12-15 15:29:18 --> Undefined property: App\Controllers\Tasks::$model
#0 /Users/leesangoroh/Documents/GitHub/taskapp/app/Controllers/Tasks.php(104): CodeIgniter\Debug\Exceptions->errorHandler(2, 'Undefined prope...', '/Users/leesango...', 104)
#1 /Users/leesangoroh/Documents/GitHub/taskapp/app/Controllers/Tasks.php(28): App\Controllers\Tasks->getTaskOr404('1')
#2 /Users/leesangoroh/Documents/GitHub/taskapp/vendor/codeigniter4/framework/system/CodeIgniter.php(824): App\Controllers\Tasks->show('1')
#3 /Users/leesangoroh/Documents/GitHub/taskapp/vendor/codeigniter4/framework/system/CodeIgniter.php(410): CodeIgniter\CodeIgniter->runController(Object(App\Controllers\Tasks))
#4 /Users/leesangoroh/Documents/GitHub/taskapp/vendor/codeigniter4/framework/system/CodeIgniter.php(318): CodeIgniter\CodeIgniter->handleRequest(NULL, Object(Config\Cache), false)
#5 /Users/leesangoroh/Documents/GitHub/taskapp/public/index.php(37): CodeIgniter\CodeIgniter->run()
#6 /Users/leesangoroh/Documents/GitHub/taskapp/vendor/codeigniter4/framework/system/Commands/Server/rewrite.php(43): require_once('/Users/leesango...')
#7 {main}
CRITICAL - 2021-12-15 15:29:19 --> Undefined property: App\Controllers\Tasks::$model
#0 /Users/leesangoroh/Documents/GitHub/taskapp/app/Controllers/Tasks.php(104): CodeIgniter\Debug\Exceptions->errorHandler(2, 'Undefined prope...', '/Users/leesango...', 104)
#1 /Users/leesangoroh/Documents/GitHub/taskapp/app/Controllers/Tasks.php(28): App\Controllers\Tasks->getTaskOr404('1')
#2 /Users/leesangoroh/Documents/GitHub/taskapp/vendor/codeigniter4/framework/system/CodeIgniter.php(824): App\Controllers\Tasks->show('1')
#3 /Users/leesangoroh/Documents/GitHub/taskapp/vendor/codeigniter4/framework/system/CodeIgniter.php(410): CodeIgniter\CodeIgniter->runController(Object(App\Controllers\Tasks))
#4 /Users/leesangoroh/Documents/GitHub/taskapp/vendor/codeigniter4/framework/system/CodeIgniter.php(318): CodeIgniter\CodeIgniter->handleRequest(NULL, Object(Config\Cache), false)
#5 /Users/leesangoroh/Documents/GitHub/taskapp/public/index.php(37): CodeIgniter\CodeIgniter->run()
#6 /Users/leesangoroh/Documents/GitHub/taskapp/vendor/codeigniter4/framework/system/Commands/Server/rewrite.php(43): require_once('/Users/leesango...')
#7 {main}
CRITICAL - 2021-12-15 15:29:19 --> Undefined property: App\Controllers\Tasks::$model
#0 /Users/leesangoroh/Documents/GitHub/taskapp/app/Controllers/Tasks.php(104): CodeIgniter\Debug\Exceptions->errorHandler(2, 'Undefined prope...', '/Users/leesango...', 104)
#1 /Users/leesangoroh/Documents/GitHub/taskapp/app/Controllers/Tasks.php(28): App\Controllers\Tasks->getTaskOr404('1')
#2 /Users/leesangoroh/Documents/GitHub/taskapp/vendor/codeigniter4/framework/system/CodeIgniter.php(824): App\Controllers\Tasks->show('1')
#3 /Users/leesangoroh/Documents/GitHub/taskapp/vendor/codeigniter4/framework/system/CodeIgniter.php(410): CodeIgniter\CodeIgniter->runController(Object(App\Controllers\Tasks))
#4 /Users/leesangoroh/Documents/GitHub/taskapp/vendor/codeigniter4/framework/system/CodeIgniter.php(318): CodeIgniter\CodeIgniter->handleRequest(NULL, Object(Config\Cache), false)
#5 /Users/leesangoroh/Documents/GitHub/taskapp/public/index.php(37): CodeIgniter\CodeIgniter->run()
#6 /Users/leesangoroh/Documents/GitHub/taskapp/vendor/codeigniter4/framework/system/Commands/Server/rewrite.php(43): require_once('/Users/leesango...')
#7 {main}
